<?xml version="1.0" encoding="UTF-8"?>
<testng-results ignored="0" total="1" passed="1" failed="0" skipped="0">
  <reporter-output>
  </reporter-output>
  <suite started-at="2023-08-06T11:16:00 IST" name="Suite" finished-at="2023-08-06T11:16:14 IST" duration-ms="14540">
    <groups>
    </groups>
    <test started-at="2023-08-06T11:16:00 IST" name="Test" finished-at="2023-08-06T11:16:14 IST" duration-ms="14540">
      <class name="executetest.mavenjenkin.LaunchActi">
        <test-method signature="launchBrowser()[pri:0, instance:executetest.mavenjenkin.LaunchActi@4ac3c60d]" started-at="2023-08-06T11:16:00 IST" name="launchBrowser" finished-at="2023-08-06T11:16:14 IST" duration-ms="14478" status="PASS">
          <reporter-output>
          </reporter-output>
        </test-method> <!-- launchBrowser -->
      </class> <!-- executetest.mavenjenkin.LaunchActi -->
    </test> <!-- Test -->
  </suite> <!-- Suite -->
</testng-results>
