<?xml version="1.0" encoding="UTF-8"?>
<testng-results ignored="0" total="1" passed="1" failed="0" skipped="0">
  <reporter-output>
  </reporter-output>
  <suite started-at="2023-08-08T11:48:46 IST" name="Suite" finished-at="2023-08-08T11:49:04 IST" duration-ms="18215">
    <groups>
    </groups>
    <test started-at="2023-08-08T11:48:46 IST" name="Test" finished-at="2023-08-08T11:49:04 IST" duration-ms="18215">
      <class name="executetest.mavenjenkin.LaunchActi">
        <test-method signature="launchBrowser(java.lang.String)[pri:0, instance:executetest.mavenjenkin.LaunchActi@15c43bd9]" started-at="2023-08-08T11:48:46 IST" name="launchBrowser" finished-at="2023-08-08T11:49:04 IST" duration-ms="18127" status="PASS">
          <params>
            <param index="0">
              <value>
                <![CDATA[gechko]]>
              </value>
            </param>
          </params>
          <reporter-output>
          </reporter-output>
        </test-method> <!-- launchBrowser -->
      </class> <!-- executetest.mavenjenkin.LaunchActi -->
    </test> <!-- Test -->
  </suite> <!-- Suite -->
</testng-results>
